{"/home/benhodge/Desktop/git/training/nand2tetris/ts/src/chips/And.ts": {"path":"/home/benhodge/Desktop/git/training/nand2tetris/ts/src/chips/And.ts","statementMap":{"0":{"start":{"line":2,"column":0},"end":{"line":2,"column":26}},"1":{"start":{"line":3,"column":0},"end":{"line":3,"column":24}},"2":{"start":{"line":11,"column":0},"end":{"line":14,"column":2}},"3":{"start":{"line":12,"column":17},"end":{"line":12,"column":27}},"4":{"start":{"line":13,"column":2},"end":{"line":13,"column":21}}},"fnMap":{"0":{"name":"(anonymous_1)","decl":{"start":{"line":11,"column":15},"end":{"line":11,"column":16}},"loc":{"start":{"line":11,"column":30},"end":{"line":14,"column":1}}}},"branchMap":{},"s":{"0":4,"1":4,"2":4,"3":40,"4":40},"f":{"0":40},"b":{}}
,"/home/benhodge/Desktop/git/training/nand2tetris/ts/src/chips/Mux.ts": {"path":"/home/benhodge/Desktop/git/training/nand2tetris/ts/src/chips/Mux.ts","statementMap":{"0":{"start":{"line":1,"column":0},"end":{"line":1,"column":24}},"1":{"start":{"line":2,"column":0},"end":{"line":2,"column":24}},"2":{"start":{"line":3,"column":0},"end":{"line":3,"column":22}},"3":{"start":{"line":12,"column":0},"end":{"line":17,"column":2}},"4":{"start":{"line":13,"column":17},"end":{"line":13,"column":23}},"5":{"start":{"line":14,"column":18},"end":{"line":14,"column":32}},"6":{"start":{"line":15,"column":18},"end":{"line":15,"column":29}},"7":{"start":{"line":16,"column":2},"end":{"line":16,"column":30}}},"fnMap":{"0":{"name":"(anonymous_1)","decl":{"start":{"line":12,"column":15},"end":{"line":12,"column":16}},"loc":{"start":{"line":12,"column":40},"end":{"line":17,"column":1}}}},"branchMap":{},"s":{"0":1,"1":1,"2":1,"3":1,"4":8,"5":8,"6":8,"7":8},"f":{"0":8},"b":{}}
,"/home/benhodge/Desktop/git/training/nand2tetris/ts/src/chips/Nand.ts": {"path":"/home/benhodge/Desktop/git/training/nand2tetris/ts/src/chips/Nand.ts","statementMap":{"0":{"start":{"line":12,"column":0},"end":{"line":12,"column":58}},"1":{"start":{"line":12,"column":40},"end":{"line":12,"column":58}}},"fnMap":{"0":{"name":"(anonymous_0)","decl":{"start":{"line":12,"column":15},"end":{"line":12,"column":16}},"loc":{"start":{"line":12,"column":30},"end":{"line":12,"column":41}}}},"branchMap":{"0":{"loc":{"start":{"line":12,"column":43},"end":{"line":12,"column":44}},"type":"binary-expr","locations":[{"start":{"line":12,"column":43},"end":{"line":12,"column":44}},{"start":{"line":12,"column":48},"end":{"line":12,"column":49}}]}},"s":{"0":6,"1":146},"f":{"0":146},"b":{"0":[146,79]}}
,"/home/benhodge/Desktop/git/training/nand2tetris/ts/src/chips/Not.ts": {"path":"/home/benhodge/Desktop/git/training/nand2tetris/ts/src/chips/Not.ts","statementMap":{"0":{"start":{"line":3,"column":0},"end":{"line":3,"column":26}},"1":{"start":{"line":10,"column":0},"end":{"line":10,"column":43}},"2":{"start":{"line":10,"column":32},"end":{"line":10,"column":43}}},"fnMap":{"0":{"name":"(anonymous_1)","decl":{"start":{"line":10,"column":15},"end":{"line":10,"column":16}},"loc":{"start":{"line":10,"column":22},"end":{"line":10,"column":36}}}},"branchMap":{},"s":{"0":5,"1":5,"2":98},"f":{"0":98},"b":{}}
,"/home/benhodge/Desktop/git/training/nand2tetris/ts/src/chips/Or.ts": {"path":"/home/benhodge/Desktop/git/training/nand2tetris/ts/src/chips/Or.ts","statementMap":{"0":{"start":{"line":2,"column":0},"end":{"line":2,"column":24}},"1":{"start":{"line":3,"column":0},"end":{"line":3,"column":24}},"2":{"start":{"line":11,"column":0},"end":{"line":16,"column":2}},"3":{"start":{"line":12,"column":15},"end":{"line":12,"column":21}},"4":{"start":{"line":13,"column":15},"end":{"line":13,"column":21}},"5":{"start":{"line":14,"column":16},"end":{"line":14,"column":31}},"6":{"start":{"line":15,"column":2},"end":{"line":15,"column":20}}},"fnMap":{"0":{"name":"(anonymous_1)","decl":{"start":{"line":11,"column":15},"end":{"line":11,"column":16}},"loc":{"start":{"line":11,"column":30},"end":{"line":16,"column":1}}}},"branchMap":{},"s":{"0":3,"1":3,"2":3,"3":16,"4":16,"5":16,"6":16},"f":{"0":16},"b":{}}
,"/home/benhodge/Desktop/git/training/nand2tetris/ts/src/chips/Xor.ts": {"path":"/home/benhodge/Desktop/git/training/nand2tetris/ts/src/chips/Xor.ts","statementMap":{"0":{"start":{"line":2,"column":0},"end":{"line":2,"column":24}},"1":{"start":{"line":3,"column":0},"end":{"line":3,"column":26}},"2":{"start":{"line":4,"column":0},"end":{"line":4,"column":22}},"3":{"start":{"line":11,"column":0},"end":{"line":18,"column":2}},"4":{"start":{"line":13,"column":15},"end":{"line":13,"column":23}},"5":{"start":{"line":15,"column":17},"end":{"line":15,"column":27}},"6":{"start":{"line":17,"column":2},"end":{"line":17,"column":27}}},"fnMap":{"0":{"name":"(anonymous_1)","decl":{"start":{"line":11,"column":15},"end":{"line":11,"column":16}},"loc":{"start":{"line":11,"column":30},"end":{"line":18,"column":1}}}},"branchMap":{},"s":{"0":1,"1":1,"2":1,"3":1,"4":4,"5":4,"6":4},"f":{"0":4},"b":{}}
}
