TN:
SF:src/chips/And.ts
FN:11,(anonymous_1)
FNF:1
FNH:1
FNDA:40,(anonymous_1)
DA:2,4
DA:3,4
DA:11,4
DA:12,40
DA:13,40
LF:5
LH:5
BRF:0
BRH:0
end_of_record
TN:
SF:src/chips/Mux.ts
FN:12,(anonymous_1)
FNF:1
FNH:1
FNDA:8,(anonymous_1)
DA:1,1
DA:2,1
DA:3,1
DA:12,1
DA:13,8
DA:14,8
DA:15,8
DA:16,8
LF:8
LH:8
BRF:0
BRH:0
end_of_record
TN:
SF:src/chips/Nand.ts
FN:12,(anonymous_0)
FNF:1
FNH:1
FNDA:146,(anonymous_0)
DA:12,146
LF:1
LH:1
BRDA:12,0,0,146
BRDA:12,0,1,79
BRF:2
BRH:2
end_of_record
TN:
SF:src/chips/Not.ts
FN:10,(anonymous_1)
FNF:1
FNH:1
FNDA:98,(anonymous_1)
DA:3,5
DA:10,98
LF:2
LH:2
BRF:0
BRH:0
end_of_record
TN:
SF:src/chips/Or.ts
FN:11,(anonymous_1)
FNF:1
FNH:1
FNDA:16,(anonymous_1)
DA:2,3
DA:3,3
DA:11,3
DA:12,16
DA:13,16
DA:14,16
DA:15,16
LF:7
LH:7
BRF:0
BRH:0
end_of_record
TN:
SF:src/chips/Xor.ts
FN:11,(anonymous_1)
FNF:1
FNH:1
FNDA:4,(anonymous_1)
DA:2,1
DA:3,1
DA:4,1
DA:11,1
DA:13,4
DA:15,4
DA:17,4
LF:7
LH:7
BRF:0
BRH:0
end_of_record
